â¯ npm run lint > error.log
warn  - The Next.js plugin was not detected in your ESLint configuration. See https://nextjs.org/docs/basic-features/eslint#migrating-existing-config
Warning: React version not specified in eslint-plugin-react settings. See https://github.com/jsx-eslint/eslint-plugin-react#configuration .

./pages/bases/[...param].tsx
29:8  Error: Async function 'getServerSideProps' has no 'await' expression.  @typescript-eslint/require-await
29:50  Warning: Unexpected any. Specify a different type.  @typescript-eslint/no-explicit-any
30:11  Error: Unsafe assignment of an `any` value.  @typescript-eslint/no-unsafe-assignment
30:20  Error: Unsafe member access .query on an `any` value.  @typescript-eslint/no-unsafe-member-access
32:15  Error: Unsafe assignment of an `any` value.  @typescript-eslint/no-unsafe-assignment
36:27  Warning: Unexpected any. Specify a different type.  @typescript-eslint/no-explicit-any
44:5  Error: Unexpected var, use let or const instead.  no-var
44:24  Error: Unsafe array destructuring of a tuple element with an `any` value.  @typescript-eslint/no-unsafe-assignment
46:16  Error: Unsafe member access .updateBase on an `any` value.  @typescript-eslint/no-unsafe-member-access
56:5  Error: Unexpected var, use let or const instead.  no-var
56:24  Error: Unsafe array destructuring of a tuple element with an `any` value.  @typescript-eslint/no-unsafe-assignment
56:39  Warning: 'error' is assigned a value but never used.  @typescript-eslint/no-unused-vars
58:16  Error: Unsafe member access .deleteBase on an `any` value.  @typescript-eslint/no-unsafe-member-access
68:32  Warning: Unexpected any. Specify a different type.  @typescript-eslint/no-explicit-any
70:9  Error: Unsafe member access .preventDefault on an `any` value.  @typescript-eslint/no-unsafe-member-access
70:9  Error: Unsafe call of an `any` typed value.  @typescript-eslint/no-unsafe-call
71:9  Error: Promises must be awaited, end with a call to .catch, end with a call to .then with a rejection handler or be explicitly marked as ignored with the `void` operator.  @typescript-eslint/no-floating-promises
82:32  Warning: Unexpected any. Specify a different type.  @typescript-eslint/no-explicit-any
84:9  Error: Unsafe member access .preventDefault on an `any` value.  @typescript-eslint/no-unsafe-member-access
84:9  Error: Unsafe call of an `any` typed value.  @typescript-eslint/no-unsafe-call
85:9  Error: Promises must be awaited, end with a call to .catch, end with a call to .then with a rejection handler or be explicitly marked as ignored with the `void` operator.  @typescript-eslint/no-floating-promises
93:38  Warning: Unexpected any. Specify a different type.  @typescript-eslint/no-explicit-any
97:35  Error: Unsafe argument of type `any` assigned to a parameter of type `string | Blob`.  @typescript-eslint/no-unsafe-argument
103:36  Error: Invalid type "string | undefined" of template literal expression.  @typescript-eslint/restrict-template-expressions
104:43  Error: Invalid type "string | undefined" of template literal expression.  @typescript-eslint/restrict-template-expressions
108:66  Error: Invalid type "any" of template literal expression.  @typescript-eslint/restrict-template-expressions
108:66  Error: Unsafe member access .IpfsHash on an `any` value.  @typescript-eslint/no-unsafe-member-access
114:30  Warning: Unexpected any. Specify a different type.  @typescript-eslint/no-explicit-any
115:42  Error: Unsafe argument of type `any` assigned to a parameter of type `Blob | MediaSource`.  @typescript-eslint/no-unsafe-argument
115:42  Error: Unsafe member access .target on an `any` value.  @typescript-eslint/no-unsafe-member-access
118:5  Error: Unexpected var, use let or const instead.  no-var
118:20  Error: Unsafe array destructuring of a tuple element with an `any` value.  @typescript-eslint/no-unsafe-assignment
120:60  Error: Unsafe assignment of an `any` value.  @typescript-eslint/no-unsafe-assignment
120:63  Error: Unsafe member access .baseId on an `any` value.  @typescript-eslint/no-unsafe-member-access
125:21  Error: Unsafe argument of type `any` assigned to a parameter of type `SetStateAction<string>`.  @typescript-eslint/no-unsafe-argument
125:21  Error: Unsafe member access .getBase on an `any` value.  @typescript-eslint/no-unsafe-member-access
126:22  Error: Unsafe argument of type `any` assigned to a parameter of type `SetStateAction<number>`.  @typescript-eslint/no-unsafe-argument
126:22  Error: Unsafe member access .getBase on an `any` value.  @typescript-eslint/no-unsafe-member-access
127:26  Error: Unsafe argument of type `any` assigned to a parameter of type `SetStateAction<string>`.  @typescript-eslint/no-unsafe-argument
127:26  Error: Unsafe member access .getBase on an `any` value.  @typescript-eslint/no-unsafe-member-access
128:19  Error: Unsafe argument of type `any` assigned to a parameter of type `SetStateAction<string>`.  @typescript-eslint/no-unsafe-argument
128:19  Error: Unsafe member access .getBase on an `any` value.  @typescript-eslint/no-unsafe-member-access
133:17  Error: 'React' must be in scope when using JSX  react/react-in-jsx-scope
137:13  Error: 'React' must be in scope when using JSX  react/react-in-jsx-scope
138:17  Error: 'React' must be in scope when using JSX  react/react-in-jsx-scope
139:17  Error: 'React' must be in scope when using JSX  react/react-in-jsx-scope
140:21  Error: 'React' must be in scope when using JSX  react/react-in-jsx-scope
141:21  Error: 'React' must be in scope when using JSX  react/react-in-jsx-scope
143:17  Error: 'React' must be in scope when using JSX  react/react-in-jsx-scope
144:21  Error: 'React' must be in scope when using JSX  react/react-in-jsx-scope
145:21  Error: 'React' must be in scope when using JSX  react/react-in-jsx-scope
147:17  Error: 'React' must be in scope when using JSX  react/react-in-jsx-scope
148:21  Error: 'React' must be in scope when using JSX  react/react-in-jsx-scope
150:29  Error: Promises must be awaited, end with a call to .catch, end with a call to .then with a rejection handler or be explicitly marked as ignored with the `void` operator.  @typescript-eslint/no-floating-promises
154:17  Error: 'React' must be in scope when using JSX  react/react-in-jsx-scope
155:21  Error: 'React' must be in scope when using JSX  react/react-in-jsx-scope
157:17  Error: 'React' must be in scope when using JSX  react/react-in-jsx-scope
160:29  Error: 'React' must be in scope when using JSX  react/react-in-jsx-scope
161:29  Error: 'React' must be in scope when using JSX  react/react-in-jsx-scope
162:29  Error: 'React' must be in scope when using JSX  react/react-in-jsx-scope
163:29  Error: 'React' must be in scope when using JSX  react/react-in-jsx-scope
164:29  Error: 'React' must be in scope when using JSX  react/react-in-jsx-scope
172:9  Error: 'React' must be in scope when using JSX  react/react-in-jsx-scope

./pages/bases/new.tsx
21:5  Error: Unexpected var, use let or const instead.  no-var
21:24  Error: Unsafe array destructuring of a tuple element with an `any` value.  @typescript-eslint/no-unsafe-assignment
21:24  Warning: 'data' is assigned a value but never used.  @typescript-eslint/no-unused-vars
21:30  Warning: 'loading' is assigned a value but never used.  @typescript-eslint/no-unused-vars
21:39  Warning: 'error' is assigned a value but never used.  @typescript-eslint/no-unused-vars
23:16  Error: Unsafe member access .createBase on an `any` value.  @typescript-eslint/no-unsafe-member-access
33:30  Warning: Unexpected any. Specify a different type.  @typescript-eslint/no-explicit-any
34:42  Error: Unsafe argument of type `any` assigned to a parameter of type `Blob | MediaSource`.  @typescript-eslint/no-unsafe-argument
34:42  Error: Unsafe member access .target on an `any` value.  @typescript-eslint/no-unsafe-member-access
36:38  Warning: Unexpected any. Specify a different type.  @typescript-eslint/no-explicit-any
40:35  Error: Unsafe argument of type `any` assigned to a parameter of type `string | Blob`.  @typescript-eslint/no-unsafe-argument
46:36  Error: Invalid type "string | undefined" of template literal expression.  @typescript-eslint/restrict-template-expressions
47:43  Error: Invalid type "string | undefined" of template literal expression.  @typescript-eslint/restrict-template-expressions
51:66  Error: Invalid type "any" of template literal expression.  @typescript-eslint/restrict-template-expressions
51:66  Error: Unsafe member access .IpfsHash on an `any` value.  @typescript-eslint/no-unsafe-member-access
56:26  Warning: Unexpected any. Specify a different type.  @typescript-eslint/no-explicit-any
58:9  Error: Unsafe member access .preventDefault on an `any` value.  @typescript-eslint/no-unsafe-member-access
58:9  Error: Unsafe call of an `any` typed value.  @typescript-eslint/no-unsafe-call
59:9  Error: Promises must be awaited, end with a call to .catch, end with a call to .then with a rejection handler or be explicitly marked as ignored with the `void` operator.  @typescript-eslint/no-floating-promises
69:9  Error: 'React' must be in scope when using JSX  react/react-in-jsx-scope
70:17  Error: 'React' must be in scope when using JSX  react/react-in-jsx-scope
71:17  Error: 'React' must be in scope when using JSX  react/react-in-jsx-scope
72:21  Error: 'React' must be in scope when using JSX  react/react-in-jsx-scope
73:21  Error: 'React' must be in scope when using JSX  react/react-in-jsx-scope
75:17  Error: 'React' must be in scope when using JSX  react/react-in-jsx-scope
76:21  Error: 'React' must be in scope when using JSX  react/react-in-jsx-scope
77:21  Error: 'React' must be in scope when using JSX  react/react-in-jsx-scope
79:17  Error: 'React' must be in scope when using JSX  react/react-in-jsx-scope
80:21  Error: 'React' must be in scope when using JSX  react/react-in-jsx-scope
82:29  Error: Promises must be awaited, end with a call to .catch, end with a call to .then with a rejection handler or be explicitly marked as ignored with the `void` operator.  @typescript-eslint/no-floating-promises
86:17  Error: 'React' must be in scope when using JSX  react/react-in-jsx-scope
87:21  Error: 'React' must be in scope when using JSX  react/react-in-jsx-scope
89:17  Error: 'React' must be in scope when using JSX  react/react-in-jsx-scope
92:29  Error: 'React' must be in scope when using JSX  react/react-in-jsx-scope
93:29  Error: 'React' must be in scope when using JSX  react/react-in-jsx-scope
94:29  Error: 'React' must be in scope when using JSX  react/react-in-jsx-scope
95:29  Error: 'React' must be in scope when using JSX  react/react-in-jsx-scope

./pages/bases.tsx
20:22  Error: Unsafe array destructuring of a tuple element with an `any` value.  @typescript-eslint/no-unsafe-assignment
25:17  Error: 'React' must be in scope when using JSX  react/react-in-jsx-scope
29:13  Error: 'React' must be in scope when using JSX  react/react-in-jsx-scope
30:17  Error: 'React' must be in scope when using JSX  react/react-in-jsx-scope
31:17  Error: 'React' must be in scope when using JSX  react/react-in-jsx-scope
31:47  Error: Promise-returning function provided to attribute where a void return was expected.  @typescript-eslint/no-misused-promises
32:17  Error: 'React' must be in scope when using JSX  react/react-in-jsx-scope
33:21  Error: 'React' must be in scope when using JSX  react/react-in-jsx-scope
34:25  Error: 'React' must be in scope when using JSX  react/react-in-jsx-scope
35:29  Error: 'React' must be in scope when using JSX  react/react-in-jsx-scope
36:29  Error: 'React' must be in scope when using JSX  react/react-in-jsx-scope
39:21  Error: 'React' must be in scope when using JSX  react/react-in-jsx-scope
41:29  Error: Unsafe member access .getBases on an `any` value.  @typescript-eslint/no-unsafe-member-access
41:29  Error: Unsafe call of an `any` typed value.  @typescript-eslint/no-unsafe-call
41:53  Warning: Unexpected any. Specify a different type.  @typescript-eslint/no-explicit-any
43:37  Error: 'React' must be in scope when using JSX  react/react-in-jsx-scope
43:48  Error: Unsafe assignment of an `any` value.  @typescript-eslint/no-unsafe-assignment
43:48  Error: Unsafe member access ._id on an `any` value.  @typescript-eslint/no-unsafe-member-access
43:74  Error: Invalid type "any" of template literal expression.  @typescript-eslint/restrict-template-expressions
43:74  Error: Unsafe member access ._id on an `any` value.  @typescript-eslint/no-unsafe-member-access
44:41  Error: 'React' must be in scope when using JSX  react/react-in-jsx-scope
45:45  Error: 'React' must be in scope when using JSX  react/react-in-jsx-scope
45:50  Error: Unsafe member access .name on an `any` value.  @typescript-eslint/no-unsafe-member-access
46:45  Error: 'React' must be in scope when using JSX  react/react-in-jsx-scope
46:50  Error: Unsafe member access .level on an `any` value.  @typescript-eslint/no-unsafe-member-access
58:9  Error: 'React' must be in scope when using JSX  react/react-in-jsx-scope

./pages/index.tsx
36:32  Warning: 'loading' is assigned a value but never used.  @typescript-eslint/no-unused-vars
36:41  Warning: 'error' is assigned a value but never used.  @typescript-eslint/no-unused-vars
36:48  Error: Unsafe array destructuring of a tuple element with an `any` value.  @typescript-eslint/no-unsafe-assignment
46:5  Error: Promises must be awaited, end with a call to .catch, end with a call to .then with a rejection handler or be explicitly marked as ignored with the `void` operator.  @typescript-eslint/no-floating-promises
48:7  Error: Unexpected var, use let or const instead.  no-var
49:7  Error: Unexpected var, use let or const instead.  no-var
50:15  Error: 'methodLog' is never reassigned. Use 'const' instead.  prefer-const
50:28  Error: Unsafe member access .getLogsByCreatedAt on an `any` value.  @typescript-eslint/no-unsafe-member-access
51:25  Error: Unsafe argument of type `any` assigned to a parameter of type `string`.  @typescript-eslint/no-unsafe-argument
51:25  Error: Unsafe member access ._id on an `any` value.  @typescript-eslint/no-unsafe-member-access
52:30  Error: Unsafe argument of type `any` assigned to a parameter of type `number`.  @typescript-eslint/no-unsafe-argument
52:30  Error: Unsafe member access .count on an `any` value.  @typescript-eslint/no-unsafe-member-access
73:5  Error: 'React' must be in scope when using JSX  react/react-in-jsx-scope
74:7  Error: 'React' must be in scope when using JSX  react/react-in-jsx-scope
75:9  Error: 'React' must be in scope when using JSX  react/react-in-jsx-scope
76:9  Error: 'React' must be in scope when using JSX  react/react-in-jsx-scope
76:25  Error: Promise-returning function provided to attribute where a void return was expected.  @typescript-eslint/no-misused-promises
77:9  Error: 'React' must be in scope when using JSX  react/react-in-jsx-scope
77:25  Error: Promise-returning function provided to attribute where a void return was expected.  @typescript-eslint/no-misused-promises
78:9  Error: 'React' must be in scope when using JSX  react/react-in-jsx-scope
78:25  Error: Promise-returning function provided to attribute where a void return was expected.  @typescript-eslint/no-misused-promises
79:9  Error: 'React' must be in scope when using JSX  react/react-in-jsx-scope
79:25  Error: Promise-returning function provided to attribute where a void return was expected.  @typescript-eslint/no-misused-promises
80:9  Error: 'React' must be in scope when using JSX  react/react-in-jsx-scope
81:9  Error: 'React' must be in scope when using JSX  react/react-in-jsx-scope
82:11  Error: 'React' must be in scope when using JSX  react/react-in-jsx-scope
83:11  Error: 'React' must be in scope when using JSX  react/react-in-jsx-scope
83:138  Error: Unsafe argument of type `any` assigned to a parameter of type `MomentInput`.  @typescript-eslint/no-unsafe-argument
83:165  Error: Promises must be awaited, end with a call to .catch, end with a call to .then with a rejection handler or be explicitly marked as ignored with the `void` operator.  @typescript-eslint/no-floating-promises
84:11  Error: 'React' must be in scope when using JSX  react/react-in-jsx-scope
86:81  Error: 'React' must be in scope when using JSX  react/react-in-jsx-scope
86:115  Error: 'React' must be in scope when using JSX  react/react-in-jsx-scope

./pages/items/[...param].tsx
29:8  Error: Async function 'getServerSideProps' has no 'await' expression.  @typescript-eslint/require-await
29:50  Warning: Unexpected any. Specify a different type.  @typescript-eslint/no-explicit-any
30:11  Error: Unsafe assignment of an `any` value.  @typescript-eslint/no-unsafe-assignment
30:20  Error: Unsafe member access .query on an `any` value.  @typescript-eslint/no-unsafe-member-access
32:15  Error: Unsafe assignment of an `any` value.  @typescript-eslint/no-unsafe-assignment
36:27  Warning: Unexpected any. Specify a different type.  @typescript-eslint/no-explicit-any
44:5  Error: Unexpected var, use let or const instead.  no-var
44:24  Error: Unsafe array destructuring of a tuple element with an `any` value.  @typescript-eslint/no-unsafe-assignment
46:16  Error: Unsafe member access .updateItem on an `any` value.  @typescript-eslint/no-unsafe-member-access
56:5  Error: Unexpected var, use let or const instead.  no-var
56:24  Error: Unsafe array destructuring of a tuple element with an `any` value.  @typescript-eslint/no-unsafe-assignment
56:39  Warning: 'error' is assigned a value but never used.  @typescript-eslint/no-unused-vars
58:16  Error: Unsafe member access .deleteItem on an `any` value.  @typescript-eslint/no-unsafe-member-access
68:32  Warning: Unexpected any. Specify a different type.  @typescript-eslint/no-explicit-any
70:9  Error: Unsafe member access .preventDefault on an `any` value.  @typescript-eslint/no-unsafe-member-access
70:9  Error: Unsafe call of an `any` typed value.  @typescript-eslint/no-unsafe-call
71:9  Error: Promises must be awaited, end with a call to .catch, end with a call to .then with a rejection handler or be explicitly marked as ignored with the `void` operator.  @typescript-eslint/no-floating-promises
82:32  Warning: Unexpected any. Specify a different type.  @typescript-eslint/no-explicit-any
84:9  Error: Unsafe member access .preventDefault on an `any` value.  @typescript-eslint/no-unsafe-member-access
84:9  Error: Unsafe call of an `any` typed value.  @typescript-eslint/no-unsafe-call
85:9  Error: Promises must be awaited, end with a call to .catch, end with a call to .then with a rejection handler or be explicitly marked as ignored with the `void` operator.  @typescript-eslint/no-floating-promises
93:38  Warning: Unexpected any. Specify a different type.  @typescript-eslint/no-explicit-any
97:35  Error: Unsafe argument of type `any` assigned to a parameter of type `string | Blob`.  @typescript-eslint/no-unsafe-argument
103:36  Error: Invalid type "string | undefined" of template literal expression.  @typescript-eslint/restrict-template-expressions
104:43  Error: Invalid type "string | undefined" of template literal expression.  @typescript-eslint/restrict-template-expressions
108:66  Error: Invalid type "any" of template literal expression.  @typescript-eslint/restrict-template-expressions
108:66  Error: Unsafe member access .IpfsHash on an `any` value.  @typescript-eslint/no-unsafe-member-access
114:30  Warning: Unexpected any. Specify a different type.  @typescript-eslint/no-explicit-any
115:42  Error: Unsafe argument of type `any` assigned to a parameter of type `Blob | MediaSource`.  @typescript-eslint/no-unsafe-argument
115:42  Error: Unsafe member access .target on an `any` value.  @typescript-eslint/no-unsafe-member-access
118:5  Error: Unexpected var, use let or const instead.  no-var
118:20  Error: Unsafe array destructuring of a tuple element with an `any` value.  @typescript-eslint/no-unsafe-assignment
120:60  Error: Unsafe assignment of an `any` value.  @typescript-eslint/no-unsafe-assignment
120:63  Error: Unsafe member access .itemId on an `any` value.  @typescript-eslint/no-unsafe-member-access
125:21  Error: Unsafe argument of type `any` assigned to a parameter of type `SetStateAction<string>`.  @typescript-eslint/no-unsafe-argument
125:21  Error: Unsafe member access .getItem on an `any` value.  @typescript-eslint/no-unsafe-member-access
126:21  Error: Unsafe argument of type `any` assigned to a parameter of type `SetStateAction<number>`.  @typescript-eslint/no-unsafe-argument
126:21  Error: Unsafe member access .getItem on an `any` value.  @typescript-eslint/no-unsafe-member-access
127:26  Error: Unsafe argument of type `any` assigned to a parameter of type `SetStateAction<string>`.  @typescript-eslint/no-unsafe-argument
127:26  Error: Unsafe member access .getItem on an `any` value.  @typescript-eslint/no-unsafe-member-access
128:19  Error: Unsafe argument of type `any` assigned to a parameter of type `SetStateAction<string>`.  @typescript-eslint/no-unsafe-argument
128:19  Error: Unsafe member access .getItem on an `any` value.  @typescript-eslint/no-unsafe-member-access
133:17  Error: 'React' must be in scope when using JSX  react/react-in-jsx-scope
137:13  Error: 'React' must be in scope when using JSX  react/react-in-jsx-scope
138:17  Error: 'React' must be in scope when using JSX  react/react-in-jsx-scope
139:17  Error: 'React' must be in scope when using JSX  react/react-in-jsx-scope
140:21  Error: 'React' must be in scope when using JSX  react/react-in-jsx-scope
141:21  Error: 'React' must be in scope when using JSX  react/react-in-jsx-scope
143:17  Error: 'React' must be in scope when using JSX  react/react-in-jsx-scope
144:21  Error: 'React' must be in scope when using JSX  react/react-in-jsx-scope
145:21  Error: 'React' must be in scope when using JSX  react/react-in-jsx-scope
147:17  Error: 'React' must be in scope when using JSX  react/react-in-jsx-scope
148:21  Error: 'React' must be in scope when using JSX  react/react-in-jsx-scope
150:29  Error: Promises must be awaited, end with a call to .catch, end with a call to .then with a rejection handler or be explicitly marked as ignored with the `void` operator.  @typescript-eslint/no-floating-promises
154:17  Error: 'React' must be in scope when using JSX  react/react-in-jsx-scope
155:21  Error: 'React' must be in scope when using JSX  react/react-in-jsx-scope
157:17  Error: 'React' must be in scope when using JSX  react/react-in-jsx-scope
160:29  Error: 'React' must be in scope when using JSX  react/react-in-jsx-scope
161:29  Error: 'React' must be in scope when using JSX  react/react-in-jsx-scope
162:29  Error: 'React' must be in scope when using JSX  react/react-in-jsx-scope
163:29  Error: 'React' must be in scope when using JSX  react/react-in-jsx-scope
164:29  Error: 'React' must be in scope when using JSX  react/react-in-jsx-scope
172:9  Error: 'React' must be in scope when using JSX  react/react-in-jsx-scope

./pages/items/new.tsx
21:5  Error: Unexpected var, use let or const instead.  no-var
21:24  Error: Unsafe array destructuring of a tuple element with an `any` value.  @typescript-eslint/no-unsafe-assignment
21:24  Warning: 'data' is assigned a value but never used.  @typescript-eslint/no-unused-vars
21:30  Warning: 'loading' is assigned a value but never used.  @typescript-eslint/no-unused-vars
21:39  Warning: 'error' is assigned a value but never used.  @typescript-eslint/no-unused-vars
23:16  Error: Unsafe member access .createItem on an `any` value.  @typescript-eslint/no-unsafe-member-access
33:30  Warning: Unexpected any. Specify a different type.  @typescript-eslint/no-explicit-any
34:42  Error: Unsafe argument of type `any` assigned to a parameter of type `Blob | MediaSource`.  @typescript-eslint/no-unsafe-argument
34:42  Error: Unsafe member access .target on an `any` value.  @typescript-eslint/no-unsafe-member-access
36:38  Warning: Unexpected any. Specify a different type.  @typescript-eslint/no-explicit-any
40:35  Error: Unsafe argument of type `any` assigned to a parameter of type `string | Blob`.  @typescript-eslint/no-unsafe-argument
46:36  Error: Invalid type "string | undefined" of template literal expression.  @typescript-eslint/restrict-template-expressions
47:43  Error: Invalid type "string | undefined" of template literal expression.  @typescript-eslint/restrict-template-expressions
51:66  Error: Invalid type "any" of template literal expression.  @typescript-eslint/restrict-template-expressions
51:66  Error: Unsafe member access .IpfsHash on an `any` value.  @typescript-eslint/no-unsafe-member-access
56:26  Warning: Unexpected any. Specify a different type.  @typescript-eslint/no-explicit-any
58:9  Error: Unsafe member access .preventDefault on an `any` value.  @typescript-eslint/no-unsafe-member-access
58:9  Error: Unsafe call of an `any` typed value.  @typescript-eslint/no-unsafe-call
59:9  Error: Promises must be awaited, end with a call to .catch, end with a call to .then with a rejection handler or be explicitly marked as ignored with the `void` operator.  @typescript-eslint/no-floating-promises
69:9  Error: 'React' must be in scope when using JSX  react/react-in-jsx-scope
70:17  Error: 'React' must be in scope when using JSX  react/react-in-jsx-scope
71:17  Error: 'React' must be in scope when using JSX  react/react-in-jsx-scope
72:21  Error: 'React' must be in scope when using JSX  react/react-in-jsx-scope
73:21  Error: 'React' must be in scope when using JSX  react/react-in-jsx-scope
75:17  Error: 'React' must be in scope when using JSX  react/react-in-jsx-scope
76:21  Error: 'React' must be in scope when using JSX  react/react-in-jsx-scope
77:21  Error: 'React' must be in scope when using JSX  react/react-in-jsx-scope
79:17  Error: 'React' must be in scope when using JSX  react/react-in-jsx-scope
80:21  Error: 'React' must be in scope when using JSX  react/react-in-jsx-scope
82:29  Error: Promises must be awaited, end with a call to .catch, end with a call to .then with a rejection handler or be explicitly marked as ignored with the `void` operator.  @typescript-eslint/no-floating-promises
86:17  Error: 'React' must be in scope when using JSX  react/react-in-jsx-scope
87:21  Error: 'React' must be in scope when using JSX  react/react-in-jsx-scope
89:17  Error: 'React' must be in scope when using JSX  react/react-in-jsx-scope
92:29  Error: 'React' must be in scope when using JSX  react/react-in-jsx-scope
93:29  Error: 'React' must be in scope when using JSX  react/react-in-jsx-scope
94:29  Error: 'React' must be in scope when using JSX  react/react-in-jsx-scope
95:29  Error: 'React' must be in scope when using JSX  react/react-in-jsx-scope

./pages/items.tsx
20:22  Error: Unsafe array destructuring of a tuple element with an `any` value.  @typescript-eslint/no-unsafe-assignment
25:17  Error: 'React' must be in scope when using JSX  react/react-in-jsx-scope
29:13  Error: 'React' must be in scope when using JSX  react/react-in-jsx-scope
30:17  Error: 'React' must be in scope when using JSX  react/react-in-jsx-scope
31:17  Error: 'React' must be in scope when using JSX  react/react-in-jsx-scope
31:47  Error: Promise-returning function provided to attribute where a void return was expected.  @typescript-eslint/no-misused-promises
32:17  Error: 'React' must be in scope when using JSX  react/react-in-jsx-scope
33:21  Error: 'React' must be in scope when using JSX  react/react-in-jsx-scope
34:25  Error: 'React' must be in scope when using JSX  react/react-in-jsx-scope
35:29  Error: 'React' must be in scope when using JSX  react/react-in-jsx-scope
36:29  Error: 'React' must be in scope when using JSX  react/react-in-jsx-scope
39:21  Error: 'React' must be in scope when using JSX  react/react-in-jsx-scope
41:29  Error: Unsafe member access .getItems on an `any` value.  @typescript-eslint/no-unsafe-member-access
41:29  Error: Unsafe call of an `any` typed value.  @typescript-eslint/no-unsafe-call
41:53  Warning: Unexpected any. Specify a different type.  @typescript-eslint/no-explicit-any
43:37  Error: 'React' must be in scope when using JSX  react/react-in-jsx-scope
43:48  Error: Unsafe assignment of an `any` value.  @typescript-eslint/no-unsafe-assignment
43:48  Error: Unsafe member access ._id on an `any` value.  @typescript-eslint/no-unsafe-member-access
43:74  Error: Invalid type "any" of template literal expression.  @typescript-eslint/restrict-template-expressions
43:74  Error: Unsafe member access ._id on an `any` value.  @typescript-eslint/no-unsafe-member-access
44:41  Error: 'React' must be in scope when using JSX  react/react-in-jsx-scope
45:45  Error: 'React' must be in scope when using JSX  react/react-in-jsx-scope
45:50  Error: Unsafe member access .name on an `any` value.  @typescript-eslint/no-unsafe-member-access
46:45  Error: 'React' must be in scope when using JSX  react/react-in-jsx-scope
46:50  Error: Unsafe member access .type on an `any` value.  @typescript-eslint/no-unsafe-member-access
58:9  Error: 'React' must be in scope when using JSX  react/react-in-jsx-scope

./pages/join.tsx
19:25  Error: Unsafe array destructuring of a tuple element with an `any` value.  @typescript-eslint/no-unsafe-assignment
19:25  Warning: 'data' is assigned a value but never used.  @typescript-eslint/no-unused-vars
19:31  Warning: 'loading' is assigned a value but never used.  @typescript-eslint/no-unused-vars
19:40  Warning: 'error' is assigned a value but never used.  @typescript-eslint/no-unused-vars
21:16  Error: Unsafe member access .joinAdmin on an `any` value.  @typescript-eslint/no-unsafe-member-access
21:40  Error: Promises must be awaited, end with a call to .catch, end with a call to .then with a rejection handler or be explicitly marked as ignored with the `void` operator.  @typescript-eslint/no-floating-promises
28:26  Warning: Unexpected any. Specify a different type.  @typescript-eslint/no-explicit-any
29:9  Error: Unsafe member access .preventDefault on an `any` value.  @typescript-eslint/no-unsafe-member-access
29:9  Error: Unsafe call of an `any` typed value.  @typescript-eslint/no-unsafe-call
30:9  Error: Promises must be awaited, end with a call to .catch, end with a call to .then with a rejection handler or be explicitly marked as ignored with the `void` operator.  @typescript-eslint/no-floating-promises
40:9  Error: 'React' must be in scope when using JSX  react/react-in-jsx-scope
41:13  Error: 'React' must be in scope when using JSX  react/react-in-jsx-scope
42:13  Error: 'React' must be in scope when using JSX  react/react-in-jsx-scope
43:17  Error: 'React' must be in scope when using JSX  react/react-in-jsx-scope
44:17  Error: 'React' must be in scope when using JSX  react/react-in-jsx-scope
46:13  Error: 'React' must be in scope when using JSX  react/react-in-jsx-scope
47:17  Error: 'React' must be in scope when using JSX  react/react-in-jsx-scope
48:17  Error: 'React' must be in scope when using JSX  react/react-in-jsx-scope
50:13  Error: 'React' must be in scope when using JSX  react/react-in-jsx-scope
51:17  Error: 'React' must be in scope when using JSX  react/react-in-jsx-scope
52:17  Error: 'React' must be in scope when using JSX  react/react-in-jsx-scope
54:13  Error: 'React' must be in scope when using JSX  react/react-in-jsx-scope
55:17  Error: 'React' must be in scope when using JSX  react/react-in-jsx-scope

./pages/login.tsx
21:26  Error: Unsafe array destructuring of a tuple element with an `any` value.  @typescript-eslint/no-unsafe-assignment
21:26  Warning: 'data' is assigned a value but never used.  @typescript-eslint/no-unused-vars
21:32  Warning: 'loading' is assigned a value but never used.  @typescript-eslint/no-unused-vars
21:41  Warning: 'error' is assigned a value but never used.  @typescript-eslint/no-unused-vars
23:43  Error: Unsafe member access .loginAdmin on an `any` value.  @typescript-eslint/no-unsafe-member-access
24:13  Error: Promises must be awaited, end with a call to .catch, end with a call to .then with a rejection handler or be explicitly marked as ignored with the `void` operator.  @typescript-eslint/no-floating-promises
31:26  Warning: Unexpected any. Specify a different type.  @typescript-eslint/no-explicit-any
32:9  Error: Unsafe member access .preventDefault on an `any` value.  @typescript-eslint/no-unsafe-member-access
32:9  Error: Unsafe call of an `any` typed value.  @typescript-eslint/no-unsafe-call
33:9  Error: Promises must be awaited, end with a call to .catch, end with a call to .then with a rejection handler or be explicitly marked as ignored with the `void` operator.  @typescript-eslint/no-floating-promises
42:9  Error: 'React' must be in scope when using JSX  react/react-in-jsx-scope
43:13  Error: 'React' must be in scope when using JSX  react/react-in-jsx-scope
44:13  Error: 'React' must be in scope when using JSX  react/react-in-jsx-scope
45:17  Error: 'React' must be in scope when using JSX  react/react-in-jsx-scope
46:17  Error: 'React' must be in scope when using JSX  react/react-in-jsx-scope
48:13  Error: 'React' must be in scope when using JSX  react/react-in-jsx-scope
49:17  Error: 'React' must be in scope when using JSX  react/react-in-jsx-scope
50:17  Error: 'React' must be in scope when using JSX  react/react-in-jsx-scope
52:13  Error: 'React' must be in scope when using JSX  react/react-in-jsx-scope
53:17  Error: 'React' must be in scope when using JSX  react/react-in-jsx-scope

./pages/nfts.tsx
28:11  Warning: 'router' is assigned a value but never used.  @typescript-eslint/no-unused-vars
29:22  Error: Unsafe array destructuring of a tuple element with an `any` value.  @typescript-eslint/no-unsafe-assignment
34:17  Error: 'React' must be in scope when using JSX  react/react-in-jsx-scope
38:13  Error: 'React' must be in scope when using JSX  react/react-in-jsx-scope
39:17  Error: 'React' must be in scope when using JSX  react/react-in-jsx-scope
40:17  Error: 'React' must be in scope when using JSX  react/react-in-jsx-scope
41:21  Error: 'React' must be in scope when using JSX  react/react-in-jsx-scope
42:25  Error: 'React' must be in scope when using JSX  react/react-in-jsx-scope
43:29  Error: 'React' must be in scope when using JSX  react/react-in-jsx-scope
44:29  Error: 'React' must be in scope when using JSX  react/react-in-jsx-scope
45:29  Error: 'React' must be in scope when using JSX  react/react-in-jsx-scope
46:29  Error: 'React' must be in scope when using JSX  react/react-in-jsx-scope
47:29  Error: 'React' must be in scope when using JSX  react/react-in-jsx-scope
50:21  Error: 'React' must be in scope when using JSX  react/react-in-jsx-scope
52:29  Error: Unsafe member access .getAllNfts on an `any` value.  @typescript-eslint/no-unsafe-member-access
52:29  Error: Unsafe call of an `any` typed value.  @typescript-eslint/no-unsafe-call
52:55  Warning: Unexpected any. Specify a different type.  @typescript-eslint/no-explicit-any
54:37  Error: 'React' must be in scope when using JSX  react/react-in-jsx-scope
54:46  Error: Unsafe assignment of an `any` value.  @typescript-eslint/no-unsafe-assignment
54:46  Error: Unsafe member access ._id on an `any` value.  @typescript-eslint/no-unsafe-member-access
55:41  Error: 'React' must be in scope when using JSX  react/react-in-jsx-scope
55:46  Error: Unsafe member access .user on an `any` value.  @typescript-eslint/no-unsafe-member-access
56:41  Error: 'React' must be in scope when using JSX  react/react-in-jsx-scope
56:46  Error: Unsafe member access .user on an `any` value.  @typescript-eslint/no-unsafe-member-access
57:41  Error: 'React' must be in scope when using JSX  react/react-in-jsx-scope
57:46  Error: Unsafe member access .user on an `any` value.  @typescript-eslint/no-unsafe-member-access
58:41  Error: 'React' must be in scope when using JSX  react/react-in-jsx-scope
58:46  Error: Unsafe member access .nftHash on an `any` value.  @typescript-eslint/no-unsafe-member-access
59:41  Error: 'React' must be in scope when using JSX  react/react-in-jsx-scope
59:46  Error: Unsafe member access .tokenId on an `any` value.  @typescript-eslint/no-unsafe-member-access
70:9  Error: 'React' must be in scope when using JSX  react/react-in-jsx-scope

./pages/users/[...param].tsx
28:8  Error: Async function 'getServerSideProps' has no 'await' expression.  @typescript-eslint/require-await
28:50  Warning: Unexpected any. Specify a different type.  @typescript-eslint/no-explicit-any
29:11  Error: Unsafe assignment of an `any` value.  @typescript-eslint/no-unsafe-assignment
29:20  Error: Unsafe member access .query on an `any` value.  @typescript-eslint/no-unsafe-member-access
31:15  Error: Unsafe assignment of an `any` value.  @typescript-eslint/no-unsafe-assignment
36:27  Warning: Unexpected any. Specify a different type.  @typescript-eslint/no-explicit-any
40:5  Error: Unexpected var, use let or const instead.  no-var
40:32  Error: Unsafe array destructuring of a tuple element with an `any` value.  @typescript-eslint/no-unsafe-assignment
40:47  Warning: 'error' is assigned a value but never used.  @typescript-eslint/no-unused-vars
41:23  Warning: 'result' is defined but never used.  @typescript-eslint/no-unused-vars
50:5  Error: Unexpected var, use let or const instead.  no-var
50:20  Error: Unsafe array destructuring of a tuple element with an `any` value.  @typescript-eslint/no-unsafe-assignment
52:60  Error: Unsafe assignment of an `any` value.  @typescript-eslint/no-unsafe-assignment
52:63  Error: Unsafe member access .userId on an `any` value.  @typescript-eslint/no-unsafe-member-access
56:17  Error: 'React' must be in scope when using JSX  react/react-in-jsx-scope
59:11  Error: Unsafe assignment of an `any` value.  @typescript-eslint/no-unsafe-assignment
59:22  Error: Unsafe member access .getUserInfo on an `any` value.  @typescript-eslint/no-unsafe-member-access
61:26  Warning: Unexpected any. Specify a different type.  @typescript-eslint/no-explicit-any
62:9  Error: Unsafe member access .preventDefault on an `any` value.  @typescript-eslint/no-unsafe-member-access
62:9  Error: Unsafe call of an `any` typed value.  @typescript-eslint/no-unsafe-call
63:9  Error: Promises must be awaited, end with a call to .catch, end with a call to .then with a rejection handler or be explicitly marked as ignored with the `void` operator.  @typescript-eslint/no-floating-promises
66:17  Error: Unsafe assignment of an `any` value.  @typescript-eslint/no-unsafe-assignment
66:20  Error: Unsafe member access .userId on an `any` value.  @typescript-eslint/no-unsafe-member-access
74:13  Error: 'React' must be in scope when using JSX  react/react-in-jsx-scope
75:17  Error: 'React' must be in scope when using JSX  react/react-in-jsx-scope
76:17  Error: 'React' must be in scope when using JSX  react/react-in-jsx-scope
77:21  Error: 'React' must be in scope when using JSX  react/react-in-jsx-scope
78:21  Error: 'React' must be in scope when using JSX  react/react-in-jsx-scope
78:28  Error: Unsafe member access .nickname on an `any` value.  @typescript-eslint/no-unsafe-member-access
80:17  Error: 'React' must be in scope when using JSX  react/react-in-jsx-scope
81:21  Error: 'React' must be in scope when using JSX  react/react-in-jsx-scope
82:21  Error: 'React' must be in scope when using JSX  react/react-in-jsx-scope
82:28  Error: Unsafe member access .dateOfBirth on an `any` value.  @typescript-eslint/no-unsafe-member-access
84:17  Error: 'React' must be in scope when using JSX  react/react-in-jsx-scope
85:21  Error: 'React' must be in scope when using JSX  react/react-in-jsx-scope
86:21  Error: 'React' must be in scope when using JSX  react/react-in-jsx-scope
86:28  Error: Unsafe member access .pointBalance on an `any` value.  @typescript-eslint/no-unsafe-member-access
88:17  Error: 'React' must be in scope when using JSX  react/react-in-jsx-scope
89:21  Error: 'React' must be in scope when using JSX  react/react-in-jsx-scope
90:21  Error: 'React' must be in scope when using JSX  react/react-in-jsx-scope
90:28  Error: Unsafe member access .phoneNumber on an `any` value.  @typescript-eslint/no-unsafe-member-access
92:17  Error: 'React' must be in scope when using JSX  react/react-in-jsx-scope
93:21  Error: 'React' must be in scope when using JSX  react/react-in-jsx-scope
94:21  Error: 'React' must be in scope when using JSX  react/react-in-jsx-scope
94:28  Error: Unsafe member access .createdAt on an `any` value.  @typescript-eslint/no-unsafe-member-access
96:17  Error: 'React' must be in scope when using JSX  react/react-in-jsx-scope
97:21  Error: 'React' must be in scope when using JSX  react/react-in-jsx-scope
98:21  Error: 'React' must be in scope when using JSX  react/react-in-jsx-scope
99:21  Error: 'React' must be in scope when using JSX  react/react-in-jsx-scope
99:48  Warning: Forbidden non-null assertion.  @typescript-eslint/no-non-null-assertion
100:42  Warning: Forbidden non-null assertion.  @typescript-eslint/no-non-null-assertion
102:17  Error: 'React' must be in scope when using JSX  react/react-in-jsx-scope
103:21  Error: 'React' must be in scope when using JSX  react/react-in-jsx-scope
104:21  Error: 'React' must be in scope when using JSX  react/react-in-jsx-scope
110:9  Error: 'React' must be in scope when using JSX  react/react-in-jsx-scope

./pages/users.tsx
22:22  Error: Unsafe array destructuring of a tuple element with an `any` value.  @typescript-eslint/no-unsafe-assignment
27:17  Error: 'React' must be in scope when using JSX  react/react-in-jsx-scope
31:13  Error: 'React' must be in scope when using JSX  react/react-in-jsx-scope
32:17  Error: 'React' must be in scope when using JSX  react/react-in-jsx-scope
33:17  Error: 'React' must be in scope when using JSX  react/react-in-jsx-scope
34:21  Error: 'React' must be in scope when using JSX  react/react-in-jsx-scope
35:25  Error: 'React' must be in scope when using JSX  react/react-in-jsx-scope
36:29  Error: 'React' must be in scope when using JSX  react/react-in-jsx-scope
37:29  Error: 'React' must be in scope when using JSX  react/react-in-jsx-scope
38:29  Error: 'React' must be in scope when using JSX  react/react-in-jsx-scope
39:29  Error: 'React' must be in scope when using JSX  react/react-in-jsx-scope
40:29  Error: 'React' must be in scope when using JSX  react/react-in-jsx-scope
41:29  Error: 'React' must be in scope when using JSX  react/react-in-jsx-scope
42:29  Error: 'React' must be in scope when using JSX  react/react-in-jsx-scope
45:21  Error: 'React' must be in scope when using JSX  react/react-in-jsx-scope
47:29  Error: Unsafe member access .getUsers on an `any` value.  @typescript-eslint/no-unsafe-member-access
47:29  Error: Unsafe call of an `any` typed value.  @typescript-eslint/no-unsafe-call
47:53  Warning: Unexpected any. Specify a different type.  @typescript-eslint/no-explicit-any
49:37  Error: 'React' must be in scope when using JSX  react/react-in-jsx-scope
49:48  Error: Unsafe assignment of an `any` value.  @typescript-eslint/no-unsafe-assignment
49:48  Error: Unsafe member access ._id on an `any` value.  @typescript-eslint/no-unsafe-member-access
49:74  Error: Invalid type "any" of template literal expression.  @typescript-eslint/restrict-template-expressions
49:74  Error: Unsafe member access ._id on an `any` value.  @typescript-eslint/no-unsafe-member-access
50:41  Error: 'React' must be in scope when using JSX  react/react-in-jsx-scope
51:45  Error: 'React' must be in scope when using JSX  react/react-in-jsx-scope
51:50  Error: Unsafe member access .nickname on an `any` value.  @typescript-eslint/no-unsafe-member-access
52:45  Error: 'React' must be in scope when using JSX  react/react-in-jsx-scope
52:50  Error: Unsafe member access .email on an `any` value.  @typescript-eslint/no-unsafe-member-access
53:45  Error: 'React' must be in scope when using JSX  react/react-in-jsx-scope
53:50  Error: Unsafe member access .phoneNumber on an `any` value.  @typescript-eslint/no-unsafe-member-access
54:45  Error: 'React' must be in scope when using JSX  react/react-in-jsx-scope
54:50  Error: Unsafe member access .dateOfBirth on an `any` value.  @typescript-eslint/no-unsafe-member-access
55:45  Error: 'React' must be in scope when using JSX  react/react-in-jsx-scope
55:50  Error: Unsafe member access .pointBalance on an `any` value.  @typescript-eslint/no-unsafe-member-access
56:45  Error: 'React' must be in scope when using JSX  react/react-in-jsx-scope
56:50  Error: Unsafe member access .disease on an `any` value.  @typescript-eslint/no-unsafe-member-access
57:45  Error: 'React' must be in scope when using JSX  react/react-in-jsx-scope
57:50  Error: Unsafe member access .createdAt on an `any` value.  @typescript-eslint/no-unsafe-member-access
69:9  Error: 'React' must be in scope when using JSX  react/react-in-jsx-scope

./components/RouteGuard.tsx
28:9  Error: Definition for rule 'react-hooks/exhaustive-deps' was not found.  react-hooks/exhaustive-deps
37:13  Error: Promises must be awaited, end with a call to .catch, end with a call to .then with a rejection handler or be explicitly marked as ignored with the `void` operator.  @typescript-eslint/no-floating-promises
46:5  Error: Unsafe return of an `any` typed value.  @typescript-eslint/no-unsafe-return

info  - Need to disable some ESLint rules? Learn more here: https://nextjs.org/docs/basic-features/eslint#disabling-rules